{"/home/tony/Documents/vuedex/babel.config.js": {"path":"/home/tony/Documents/vuedex/babel.config.js","statementMap":{"0":{"start":{"line":1,"column":0},"end":{"line":5,"column":1}}},"fnMap":{},"branchMap":{},"s":{"0":0},"f":{},"b":{},"hash":"b413bf412670a4d1fc91fbd85828ff1d6b6c5f06"}
,"/home/tony/Documents/vuedex/jest.config.js": {"path":"/home/tony/Documents/vuedex/jest.config.js","statementMap":{"0":{"start":{"line":1,"column":0},"end":{"line":5,"column":1}}},"fnMap":{},"branchMap":{},"s":{"0":0},"f":{},"b":{},"hash":"9262650294ed68df0b93bcdae50044ad429f8565"}
,"/home/tony/Documents/vuedex/public/mockCall.js": {"path":"/home/tony/Documents/vuedex/public/mockCall.js","statementMap":{"0":{"start":{"line":2,"column":1},"end":{"line":41,"column":1}},"1":{"start":{"line":43,"column":25},"end":{"line":43,"column":71}},"2":{"start":{"line":43,"column":31},"end":{"line":43,"column":71}},"3":{"start":{"line":43,"column":54},"end":{"line":43,"column":70}}},"fnMap":{"0":{"name":"(anonymous_0)","decl":{"start":{"line":43,"column":25},"end":{"line":43,"column":26}},"loc":{"start":{"line":43,"column":31},"end":{"line":43,"column":71}},"line":43},"1":{"name":"(anonymous_1)","decl":{"start":{"line":43,"column":43},"end":{"line":43,"column":44}},"loc":{"start":{"line":43,"column":54},"end":{"line":43,"column":70}},"line":43}},"branchMap":{},"s":{"0":3,"1":3,"2":3,"3":3},"f":{"0":3,"1":3},"b":{},"_coverageSchema":"43e27e138ebf9cfc5966b082cf9a028302ed4184","hash":"b860047218556aeeba15da1234a0fa984ee90480"}
,"/home/tony/Documents/vuedex/src/App.vue": {"path":"/home/tony/Documents/vuedex/src/App.vue","statementMap":{"0":{"start":{"line":26,"column":0},"end":{"line":26,"column":null}},"1":{"start":{"line":27,"column":0},"end":{"line":27,"column":null}},"2":{"start":{"line":34,"column":0},"end":{"line":34,"column":null}},"3":{"start":{"line":47,"column":0},"end":{"line":47,"column":null}},"4":{"start":{"line":74,"column":0},"end":{"line":74,"column":null}},"5":{"start":{"line":75,"column":0},"end":{"line":87,"column":null}},"6":{"start":{"line":76,"column":0},"end":{"line":76,"column":null}},"7":{"start":{"line":77,"column":0},"end":{"line":77,"column":null}},"8":{"start":{"line":78,"column":0},"end":{"line":78,"column":null}},"9":{"start":{"line":79,"column":0},"end":{"line":79,"column":null}},"10":{"start":{"line":80,"column":0},"end":{"line":80,"column":null}},"11":{"start":{"line":81,"column":0},"end":{"line":81,"column":null}},"12":{"start":{"line":82,"column":0},"end":{"line":82,"column":null}},"13":{"start":{"line":83,"column":0},"end":{"line":83,"column":null}},"14":{"start":{"line":86,"column":0},"end":{"line":86,"column":null}},"15":{"start":{"line":95,"column":0},"end":{"line":100,"column":null}},"16":{"start":{"line":98,"column":0},"end":{"line":98,"column":null}},"17":{"start":{"line":99,"column":0},"end":{"line":99,"column":null}}},"fnMap":{"0":{"name":"(anonymous_1)","decl":{"start":{"line":33,"column":0},"end":{"line":33,"column":null}},"loc":{"start":{"line":33,"column":0},"end":{"line":44,"column":null}}},"1":{"name":"(anonymous_2)","decl":{"start":{"line":46,"column":0},"end":{"line":46,"column":null}},"loc":{"start":{"line":46,"column":0},"end":{"line":48,"column":null}}},"2":{"name":"(anonymous_3)","decl":{"start":{"line":73,"column":0},"end":{"line":73,"column":null}},"loc":{"start":{"line":73,"column":0},"end":{"line":88,"column":null}}},"3":{"name":"(anonymous_4)","decl":{"start":{"line":90,"column":0},"end":{"line":90,"column":null}},"loc":{"start":{"line":90,"column":0},"end":{"line":102,"column":null}}},"4":{"name":"(anonymous_5)","decl":{"start":{"line":95,"column":0},"end":{"line":95,"column":null}},"loc":{"start":{"line":95,"column":0},"end":{"line":100,"column":null}}}},"branchMap":{},"s":{"0":2,"1":2,"2":2,"3":4,"4":3,"5":3,"6":3,"7":3,"8":3,"9":3,"10":3,"11":3,"12":3,"13":3,"14":0,"15":2,"16":2,"17":2},"f":{"0":2,"1":4,"2":3,"3":2,"4":2},"b":{}}
,"/home/tony/Documents/vuedex/src/main.js": {"path":"/home/tony/Documents/vuedex/src/main.js","statementMap":{"0":{"start":{"line":4,"column":0},"end":{"line":4,"column":32}},"1":{"start":{"line":6,"column":0},"end":{"line":8,"column":17}},"2":{"start":{"line":7,"column":15},"end":{"line":7,"column":21}}},"fnMap":{"0":{"name":"(anonymous_0)","decl":{"start":{"line":7,"column":10},"end":{"line":7,"column":11}},"loc":{"start":{"line":7,"column":15},"end":{"line":7,"column":21}},"line":7}},"branchMap":{},"s":{"0":0,"1":0,"2":0},"f":{"0":0},"b":{},"hash":"1ed4ad00c15f6317982284d4ea17a21779336d43"}
,"/home/tony/Documents/vuedex/tests/integration/dataChange.spec.js": {"path":"/home/tony/Documents/vuedex/tests/integration/dataChange.spec.js","statementMap":{"0":{"start":{"line":4,"column":16},"end":{"line":4,"column":26}},"1":{"start":{"line":5,"column":16},"end":{"line":5,"column":45}},"2":{"start":{"line":6,"column":22},"end":{"line":6,"column":36}},"3":{"start":{"line":7,"column":15},"end":{"line":7,"column":34}},"4":{"start":{"line":8,"column":21},"end":{"line":8,"column":44}},"5":{"start":{"line":9,"column":16},"end":{"line":9,"column":37}},"6":{"start":{"line":10,"column":22},"end":{"line":10,"column":36}},"7":{"start":{"line":11,"column":18},"end":{"line":11,"column":41}},"8":{"start":{"line":12,"column":24},"end":{"line":12,"column":40}},"9":{"start":{"line":13,"column":18},"end":{"line":13,"column":41}},"10":{"start":{"line":14,"column":24},"end":{"line":14,"column":40}},"11":{"start":{"line":15,"column":21},"end":{"line":15,"column":39}},"12":{"start":{"line":16,"column":27},"end":{"line":16,"column":46}},"13":{"start":{"line":19,"column":0},"end":{"line":70,"column":2}},"14":{"start":{"line":20,"column":13},"end":{"line":20,"column":35}},"15":{"start":{"line":21,"column":1},"end":{"line":21,"column":21}},"16":{"start":{"line":23,"column":1},"end":{"line":29,"column":3}},"17":{"start":{"line":24,"column":2},"end":{"line":24,"column":46}},"18":{"start":{"line":25,"column":2},"end":{"line":28,"column":5}},"19":{"start":{"line":27,"column":4},"end":{"line":27,"column":50}},"20":{"start":{"line":31,"column":1},"end":{"line":37,"column":3}},"21":{"start":{"line":32,"column":2},"end":{"line":32,"column":46}},"22":{"start":{"line":33,"column":2},"end":{"line":36,"column":5}},"23":{"start":{"line":35,"column":4},"end":{"line":35,"column":58}},"24":{"start":{"line":39,"column":1},"end":{"line":45,"column":3}},"25":{"start":{"line":40,"column":2},"end":{"line":40,"column":47}},"26":{"start":{"line":41,"column":2},"end":{"line":44,"column":5}},"27":{"start":{"line":43,"column":4},"end":{"line":43,"column":60}},"28":{"start":{"line":47,"column":1},"end":{"line":53,"column":3}},"29":{"start":{"line":48,"column":2},"end":{"line":48,"column":48}},"30":{"start":{"line":49,"column":2},"end":{"line":52,"column":5}},"31":{"start":{"line":51,"column":4},"end":{"line":51,"column":64}},"32":{"start":{"line":55,"column":3},"end":{"line":61,"column":6}},"33":{"start":{"line":56,"column":8},"end":{"line":56,"column":54}},"34":{"start":{"line":57,"column":8},"end":{"line":60,"column":15}},"35":{"start":{"line":59,"column":16},"end":{"line":59,"column":76}},"36":{"start":{"line":63,"column":4},"end":{"line":69,"column":6}},"37":{"start":{"line":64,"column":8},"end":{"line":64,"column":58}},"38":{"start":{"line":65,"column":8},"end":{"line":68,"column":15}},"39":{"start":{"line":67,"column":16},"end":{"line":67,"column":82}}},"fnMap":{"0":{"name":"(anonymous_0)","decl":{"start":{"line":19,"column":26},"end":{"line":19,"column":27}},"loc":{"start":{"line":19,"column":32},"end":{"line":70,"column":1}},"line":19},"1":{"name":"(anonymous_1)","decl":{"start":{"line":23,"column":28},"end":{"line":23,"column":29}},"loc":{"start":{"line":23,"column":40},"end":{"line":29,"column":2}},"line":23},"2":{"name":"(anonymous_2)","decl":{"start":{"line":26,"column":10},"end":{"line":26,"column":11}},"loc":{"start":{"line":26,"column":16},"end":{"line":28,"column":4}},"line":26},"3":{"name":"(anonymous_3)","decl":{"start":{"line":31,"column":27},"end":{"line":31,"column":28}},"loc":{"start":{"line":31,"column":39},"end":{"line":37,"column":2}},"line":31},"4":{"name":"(anonymous_4)","decl":{"start":{"line":34,"column":10},"end":{"line":34,"column":11}},"loc":{"start":{"line":34,"column":16},"end":{"line":36,"column":4}},"line":34},"5":{"name":"(anonymous_5)","decl":{"start":{"line":39,"column":28},"end":{"line":39,"column":29}},"loc":{"start":{"line":39,"column":40},"end":{"line":45,"column":2}},"line":39},"6":{"name":"(anonymous_6)","decl":{"start":{"line":42,"column":10},"end":{"line":42,"column":11}},"loc":{"start":{"line":42,"column":16},"end":{"line":44,"column":4}},"line":42},"7":{"name":"(anonymous_7)","decl":{"start":{"line":47,"column":30},"end":{"line":47,"column":31}},"loc":{"start":{"line":47,"column":42},"end":{"line":53,"column":2}},"line":47},"8":{"name":"(anonymous_8)","decl":{"start":{"line":50,"column":10},"end":{"line":50,"column":11}},"loc":{"start":{"line":50,"column":16},"end":{"line":52,"column":4}},"line":50},"9":{"name":"(anonymous_9)","decl":{"start":{"line":55,"column":32},"end":{"line":55,"column":33}},"loc":{"start":{"line":55,"column":44},"end":{"line":61,"column":5}},"line":55},"10":{"name":"(anonymous_10)","decl":{"start":{"line":58,"column":19},"end":{"line":58,"column":20}},"loc":{"start":{"line":58,"column":25},"end":{"line":60,"column":14}},"line":58},"11":{"name":"(anonymous_11)","decl":{"start":{"line":63,"column":39},"end":{"line":63,"column":40}},"loc":{"start":{"line":63,"column":51},"end":{"line":69,"column":5}},"line":63},"12":{"name":"(anonymous_12)","decl":{"start":{"line":66,"column":19},"end":{"line":66,"column":20}},"loc":{"start":{"line":66,"column":25},"end":{"line":68,"column":14}},"line":66}},"branchMap":{},"s":{"0":0,"1":0,"2":0,"3":0,"4":0,"5":0,"6":0,"7":0,"8":0,"9":0,"10":0,"11":0,"12":0,"13":0,"14":0,"15":0,"16":0,"17":0,"18":0,"19":0,"20":0,"21":0,"22":0,"23":0,"24":0,"25":0,"26":0,"27":0,"28":0,"29":0,"30":0,"31":0,"32":0,"33":0,"34":0,"35":0,"36":0,"37":0,"38":0,"39":0},"f":{"0":0,"1":0,"2":0,"3":0,"4":0,"5":0,"6":0,"7":0,"8":0,"9":0,"10":0,"11":0,"12":0},"b":{},"hash":"e84383b72133cb66fb7fe6aec4594ff7e3b1e1e3"}
,"/home/tony/Documents/vuedex/tests/unit/dataTest.epec.js": {"path":"/home/tony/Documents/vuedex/tests/unit/dataTest.epec.js","statementMap":{"0":{"start":{"line":3,"column":0},"end":{"line":34,"column":2}},"1":{"start":{"line":5,"column":1},"end":{"line":8,"column":3}},"2":{"start":{"line":6,"column":2},"end":{"line":6,"column":49}},"3":{"start":{"line":7,"column":2},"end":{"line":7,"column":47}},"4":{"start":{"line":10,"column":1},"end":{"line":13,"column":3}},"5":{"start":{"line":11,"column":2},"end":{"line":11,"column":50}},"6":{"start":{"line":12,"column":2},"end":{"line":12,"column":48}},"7":{"start":{"line":15,"column":1},"end":{"line":18,"column":3}},"8":{"start":{"line":16,"column":2},"end":{"line":16,"column":49}},"9":{"start":{"line":17,"column":2},"end":{"line":17,"column":47}},"10":{"start":{"line":20,"column":1},"end":{"line":23,"column":3}},"11":{"start":{"line":21,"column":2},"end":{"line":21,"column":51}},"12":{"start":{"line":22,"column":2},"end":{"line":22,"column":49}},"13":{"start":{"line":25,"column":1},"end":{"line":28,"column":3}},"14":{"start":{"line":26,"column":2},"end":{"line":26,"column":51}},"15":{"start":{"line":27,"column":2},"end":{"line":27,"column":49}},"16":{"start":{"line":30,"column":1},"end":{"line":33,"column":3}},"17":{"start":{"line":31,"column":2},"end":{"line":31,"column":54}},"18":{"start":{"line":32,"column":2},"end":{"line":32,"column":58}}},"fnMap":{"0":{"name":"(anonymous_0)","decl":{"start":{"line":3,"column":51},"end":{"line":3,"column":52}},"loc":{"start":{"line":3,"column":57},"end":{"line":34,"column":1}},"line":3},"1":{"name":"(anonymous_1)","decl":{"start":{"line":5,"column":35},"end":{"line":5,"column":36}},"loc":{"start":{"line":5,"column":41},"end":{"line":8,"column":2}},"line":5},"2":{"name":"(anonymous_2)","decl":{"start":{"line":10,"column":36},"end":{"line":10,"column":37}},"loc":{"start":{"line":10,"column":42},"end":{"line":13,"column":2}},"line":10},"3":{"name":"(anonymous_3)","decl":{"start":{"line":15,"column":35},"end":{"line":15,"column":36}},"loc":{"start":{"line":15,"column":41},"end":{"line":18,"column":2}},"line":15},"4":{"name":"(anonymous_4)","decl":{"start":{"line":20,"column":37},"end":{"line":20,"column":38}},"loc":{"start":{"line":20,"column":43},"end":{"line":23,"column":2}},"line":20},"5":{"name":"(anonymous_5)","decl":{"start":{"line":25,"column":37},"end":{"line":25,"column":38}},"loc":{"start":{"line":25,"column":43},"end":{"line":28,"column":2}},"line":25},"6":{"name":"(anonymous_6)","decl":{"start":{"line":30,"column":40},"end":{"line":30,"column":41}},"loc":{"start":{"line":30,"column":46},"end":{"line":33,"column":2}},"line":30}},"branchMap":{},"s":{"0":0,"1":0,"2":0,"3":0,"4":0,"5":0,"6":0,"7":0,"8":0,"9":0,"10":0,"11":0,"12":0,"13":0,"14":0,"15":0,"16":0,"17":0,"18":0},"f":{"0":0,"1":0,"2":0,"3":0,"4":0,"5":0,"6":0},"b":{},"hash":"04ef881e9d15c36a79e030435f40794163ada653"}
,"/home/tony/Documents/vuedex/tests/unit/jestTest.js": {"path":"/home/tony/Documents/vuedex/tests/unit/jestTest.js","statementMap":{"0":{"start":{"line":2,"column":1},"end":{"line":5,"column":2}},"1":{"start":{"line":9,"column":1},"end":{"line":12,"column":2}},"2":{"start":{"line":16,"column":0},"end":{"line":19,"column":2}}},"fnMap":{"0":{"name":"huevo","decl":{"start":{"line":1,"column":9},"end":{"line":1,"column":14}},"loc":{"start":{"line":1,"column":17},"end":{"line":6,"column":1}},"line":1},"1":{"name":"espinaca","decl":{"start":{"line":8,"column":9},"end":{"line":8,"column":17}},"loc":{"start":{"line":8,"column":19},"end":{"line":13,"column":1}},"line":8}},"branchMap":{},"s":{"0":1,"1":1,"2":1},"f":{"0":1,"1":1},"b":{},"_coverageSchema":"43e27e138ebf9cfc5966b082cf9a028302ed4184","hash":"329b3aa24909287a1ace52c84542c7a13de90f49"}
}
